<?xml version="1.0" encoding="UTF-8"?>
<!-- Generated by org.testng.reporters.JUnitReportReporter -->
<testsuite name="com.selenium.cases.ScheduleAppointment" tests="1" time="18.137" ignored="0" failures="0" timestamp="03 Dec 2020 14:07:54 GMT" skipped="0" hostname="Dell" errors="0">
  <testcase name="bookAppointment" time="18.137" classname="com.selenium.cases.ScheduleAppointment"/>
</testsuite> <!-- com.selenium.cases.ScheduleAppointment -->
